<?xml version="1.0" encoding="UTF-8"?>
<!-- Generated by org.testng.reporters.JUnitXMLReporter -->
<testsuite ignored="0" hostname="DESKTOP-TQOT31I" failures="0" tests="9" name="Test" time="0.457" errors="0" timestamp="2024-05-20T22:18:37 IST">
  <testcase classname="First_Script.LoginPage" name="EmailId" time="0.108"/>
  <testcase classname="First_Script.LoginPage" name="MobileNo" time="0.006"/>
  <testcase classname="First_Script.LoginPage" name="Submit" time="0.005"/>
  <testcase classname="Second_Script.HomePage" name="CustomerLinks" time="0.006"/>
  <testcase classname="Second_Script.HomePage" name="Menue" time="0.004"/>
  <testcase classname="Second_Script.HomePage" name="Product" time="0.006"/>
  <testcase classname="Second_Script.HomePage" name="SearchOption" time="0.006"/>
  <testcase classname="Third_Script.OrderHistory" name="OrderList" time="0.009"/>
  <testcase classname="Third_Script.OrderHistory" name="duplicateorder" time="0.004"/>
</testsuite> <!-- Test -->
