<?xml version="1.0" encoding="UTF-8"?>
<!-- Generated by org.testng.reporters.JUnitXMLReporter -->
<testsuite ignored="0" hostname="DESKTOP-TQOT31I" failures="0" tests="3" name="Test" time="0.31" errors="0" timestamp="2024-05-22T22:06:54 IST">
  <testcase classname="First_Script.LoginPage" name="EmailId" time="0.087"/>
  <testcase classname="First_Script.LoginPage" name="MobileNo" time="0.004"/>
  <testcase classname="First_Script.LoginPage" name="Submit" time="0.005"/>
</testsuite> <!-- Test -->
