<?xml version="1.0" encoding="UTF-8"?>
<testsuite xmlns:xsi="http://www.w3.org/2001/XMLSchema-instance" xsi:noNamespaceSchemaLocation="https://maven.apache.org/surefire/maven-surefire-plugin/xsd/surefire-test-report-3.0.xsd" version="3.0" name="TestSuite" time="1.554" tests="9" errors="0" skipped="0" failures="0">
  <properties>
[...]
</properties>
  <testcase name="EmailId" classname="First_Script.LoginPage" time="0.225">
    <system-out><![CDATA[User login with Email Id
]]></system-out>
    <system-err><![CDATA[SLF4J: Failed to load class "org.slf4j.impl.StaticLoggerBinder".
SLF4J: Defaulting to no-operation (NOP) logger implementation
SLF4J: See http://www.slf4j.org/codes.html#StaticLoggerBinder for further details.
]]></system-err>
  </testcase>
  <testcase name="MobileNo" classname="First_Script.LoginPage" time="0.01">
    <system-out><![CDATA[User otp is sent to mobile no
]]></system-out>
  </testcase>
  <testcase name="Submit" classname="First_Script.LoginPage" time="0.005">
    <system-out><![CDATA[User is able to click on Submit option 
]]></system-out>
  </testcase>
  <testcase name="CustomerLinks" classname="Second_Script.HomePage" time="0.012">
    <system-out><![CDATA[The links are clickable 
]]></system-out>
  </testcase>
  <testcase name="Menue" classname="Second_Script.HomePage" time="0.005">
    <system-out><![CDATA[The menue table have all required features 
]]></system-out>
  </testcase>
  <testcase name="Product" classname="Second_Script.HomePage" time="0.008">
    <system-out><![CDATA[The product image is displayed in correct order
]]></system-out>
  </testcase>
  <testcase name="SearchOption" classname="Second_Script.HomePage" time="0.006">
    <system-out><![CDATA[The user is able to search product through search bar
]]></system-out>
  </testcase>
  <testcase name="OrderList" classname="Third_Script.OrderHistory" time="0.007">
    <system-out><![CDATA[The order list is visible as per date
]]></system-out>
  </testcase>
  <testcase name="duplicateorder" classname="Third_Script.OrderHistory" time="0.005">
    <system-out><![CDATA[The order list do not display duplicate order
]]></system-out>
  </testcase>
</testsuite>